[debug] [2020-12-26T07:57:28.497Z] ----------------------------------------------------------------------
[debug] [2020-12-26T07:57:28.499Z] Command:       C:\Program Files\nodejs\node.exe C:\Users\kayum\AppData\Roaming\npm\node_modules\firebase-tools\lib\bin\firebase.js init hosting
[debug] [2020-12-26T07:57:28.499Z] CLI Version:   9.1.0
[debug] [2020-12-26T07:57:28.499Z] Platform:      win32
[debug] [2020-12-26T07:57:28.499Z] Node Version:  v15.5.0
[debug] [2020-12-26T07:57:28.500Z] Time:          Sat Dec 26 2020 02:57:28 GMT-0500 (GMT-05:00)
[debug] [2020-12-26T07:57:28.500Z] ----------------------------------------------------------------------
[debug] [2020-12-26T07:57:28.500Z] 
[debug] [2020-12-26T07:57:28.505Z] > command requires scopes: ["email","openid","https://www.googleapis.com/auth/cloudplatformprojects.readonly","https://www.googleapis.com/auth/firebase","https://www.googleapis.com/auth/cloud-platform"]
[debug] [2020-12-26T07:57:28.505Z] > authorizing via signed-in user
[info] 
     ######## #### ########  ######## ########     ###     ######  ########
     ##        ##  ##     ## ##       ##     ##  ##   ##  ##       ##
     ######    ##  ########  ######   ########  #########  ######  ######
     ##        ##  ##    ##  ##       ##     ## ##     ##       ## ##
     ##       #### ##     ## ######## ########  ##     ##  ######  ########

You're about to initialize a Firebase project in this directory:

  D:\Coding Files\Odin Project\JS PROJECTS\r-p-s

[info] 
=== Project Setup
[info] 
[info] First, let's associate this project directory with a Firebase project.
[info] You can create multiple project aliases by running firebase use --add, 
[info] but for now we'll just set up a default project.
[info] 
